<?xml version="1.0" encoding="UTF-8"?>
<!-- Generated by org.testng.reporters.JUnitXMLReporter -->
<testsuite ignored="0" hostname="DESKTOP-FGTOVGJ" failures="0" tests="9" name="REST APIs" time="8.219" errors="0" timestamp="2024-01-20T12:13:15 IST">
  <testcase classname="com.harshi.resttesting.GetRequestTest" name="getRequestTest" time="2.234"/>
  <testcase classname="com.harshi.resttesting.GetRequestTest" name="getRequestWithQueryParmsTest" time="0.503"/>
  <testcase classname="com.harshi.resttesting.GetRequestTest" name="getRequestWithUserIdTest" time="0.405"/>
  <testcase classname="com.harshi.resttesting.PostRequestTest" name="postRequestTest" time="1.258"/>
  <testcase classname="com.harshi.resttesting.PutRequestTest" name="putRequestTest" time="1.05"/>
  <testcase classname="com.harshi.resttesting.PatchRequestTest" name="putRequestTest" time="1.094"/>
  <testcase classname="com.harshi.resttesting.DeleteRequestTest" name="putRequestTest" time="0.551"/>
  <testcase classname="com.harshi.resttesting.DeleteRequestTest" name="putRequestTest" time="0.523"/>
  <testcase classname="com.harshi.resttesting.DeleteRequestTest" name="putRequestTest" time="0.544"/>
</testsuite> <!-- REST APIs -->
