<?xml version="1.0" encoding="UTF-8"?>
<!-- Generated by org.testng.reporters.JUnitXMLReporter -->
<testsuite ignored="0" hostname="DESKTOP-FGTOVGJ" failures="0" tests="5" name="SOAP APIs" time="7.905" errors="0" timestamp="2024-01-20T12:13:23 IST">
  <testcase classname="com.harshi.soaptesting.GetCapitalByCountryCodeTest" name="postXMLRequestTest" time="1.363"/>
  <testcase classname="com.harshi.soaptesting.GetCapitalByCountryCodeTest" name="postXMLRequestTest" time="1.233"/>
  <testcase classname="com.harshi.soaptesting.GetCapitalByCountryCodeTest" name="postXMLRequestTest" time="1.247"/>
  <testcase classname="com.harshi.soaptesting.GetCapitalByCountryCodeTest" name="postXMLRequestTest" time="1.24"/>
  <testcase classname="com.harshi.soaptesting.NumberToWordConversion" name="postXMLRequestTest" time="2.814"/>
</testsuite> <!-- SOAP APIs -->
