<?xml version="1.0" encoding="UTF-8"?>
<!-- Generated by org.testng.reporters.JUnitXMLReporter -->
<testsuite ignored="0" hostname="DESKTOP-FGTOVGJ" failures="0" tests="2" name="Default test" time="3.019" errors="0" timestamp="2024-01-20T12:34:59 IST">
  <testcase classname="com.harshi.authtest.SSLAuthenticationTest" name="testSSLCertificate1" time="2.26"/>
  <testcase classname="com.harshi.authtest.SSLAuthenticationTest" name="testSSLCertificate2" time="0.71"/>
</testsuite> <!-- Default test -->
