<?xml version="1.0" encoding="UTF-8"?>
<testsuite name="REST APIs"
           tests="3"
           failures="0"
           errors="0"
           skipped="0"
           time="3.142">
  <properties />
  
  
            <testcase name="getRequestTest" time="2.234" classname="com.harshi.resttesting.GetRequestTest" />
                <testcase name="getRequestWithUserIdTest" time="0.405" classname="com.harshi.resttesting.GetRequestTest" />
                <testcase name="getRequestWithQueryParmsTest" time="0.503" classname="com.harshi.resttesting.GetRequestTest" />
      
</testsuite>
